<?xml version="1.0" encoding="UTF-8"?>
<testExecutions version="1">
  <file path="C:\Users\mdelgado\Projects\Baufest\Comunidad\node-typescript-express-starter\test\unit\converters.spec.ts">
    <testCase name="UTILS - CONVERTERS Should be convert date to YYYY-MM-DD HH:mm:ss" duration="8"/>
    <testCase name="UTILS - CONVERTERS Should be convert date to UTC" duration="1"/>
    <testCase name="UTILS - CONVERTERS Should be convert timestamp to date" duration="1"/>
    <testCase name="UTILS - CONVERTERS Should be convert date to timestamp" duration="5"/>
  </file>
  <file path="C:\Users\mdelgado\Projects\Baufest\Comunidad\node-typescript-express-starter\test\unit\character.spec.ts">
    <testCase name="Endpoint Character Should be return 200 and all characters" duration="1058"/>
    <testCase name="Endpoint Character Should dont be return status 200" duration="476"/>
  </file>
  <file path="C:\Users\mdelgado\Projects\Baufest\Comunidad\node-typescript-express-starter\test\unit\health.spec.ts">
    <testCase name="HEALTH Should be return status message UP and status code 200 in healthcheck" duration="12"/>
  </file>
  <file path="C:\Users\mdelgado\Projects\Baufest\Comunidad\node-typescript-express-starter\test\unit\home.spec.ts">
    <testCase name="APP SERVER Should be return status code 200 and welcome message in root" duration="12"/>
  </file>
</testExecutions>